<?xml version="1.0" encoding="UTF-8"?>
<!-- Generated by org.testng.reporters.JUnitReportReporter -->
<testsuite hostname="MacBook-Pro.local" failures="0" tests="3" name="testNGIntro.TaskTwo" time="0.013" errors="0" timestamp="2020-05-23T20:02:26 EDT" skipped="0">
  <testcase classname="testNGIntro.TaskTwo" name="test3" time="0.003"/>
  <system-out/>
  <testcase classname="testNGIntro.TaskTwo" name="test1" time="0.007"/>
  <system-out/>
  <testcase classname="testNGIntro.TaskTwo" name="test2" time="0.003"/>
  <system-out/>
</testsuite> <!-- testNGIntro.TaskTwo -->
