<?xml version="1.0" encoding="UTF-8"?>
<!-- Generated by org.testng.reporters.JUnitReportReporter -->
<testsuite hostname="MacBook-Pro.local" failures="0" tests="3" name="testNG1Intro.TaskTwo" time="0.005" errors="0" timestamp="2020-05-28T21:25:46 EDT" skipped="0">
  <testcase classname="testNG1Intro.TaskTwo" name="test3" time="0.002"/>
  <system-out/>
  <testcase classname="testNG1Intro.TaskTwo" name="test2" time="0.002"/>
  <system-out/>
  <testcase classname="testNG1Intro.TaskTwo" name="test1" time="0.001"/>
  <system-out/>
</testsuite> <!-- testNG1Intro.TaskTwo -->
