<?xml version="1.0" encoding="UTF-8"?>
<!-- Generated by org.testng.reporters.JUnitReportReporter -->
<testsuite hostname="MacBook-Pro.local" failures="0" tests="1" name="testNG1Intro.DifferentAnnotation" time="0.005" errors="0" timestamp="2020-05-28T21:25:46 EDT" skipped="0">
  <testcase classname="testNG1Intro.DifferentAnnotation" name="test" time="0.005"/>
  <system-out/>
</testsuite> <!-- testNG1Intro.DifferentAnnotation -->
