<?xml version="1.0" encoding="UTF-8"?>
<!-- Generated by org.testng.reporters.JUnitReportReporter -->
<testsuite hostname="MacBook-Pro.local" name="testNG1Intro.TestDemo" tests="1" failures="0" timestamp="25 Jun 2020 02:01:42 GMT" time="0.015" errors="0">
  <testcase name="testOne" time="0.015" classname="testNG1Intro.TestDemo"/>
</testsuite> <!-- testNG1Intro.TestDemo -->
