<?xml version="1.0" encoding="UTF-8"?>
<!-- Generated by org.testng.reporters.JUnitReportReporter -->
<testsuite hostname="MacBook-Pro.local" failures="0" tests="5" name="testNG2Assert.TaskOne" time="0.008" errors="0" timestamp="2020-05-28T21:25:46 EDT" skipped="0">
  <testcase classname="testNG2Assert.TaskOne" name="thirdMethod" time="0.001"/>
  <system-out/>
  <testcase classname="testNG2Assert.TaskOne" name="secondMethod" time="0.001"/>
  <system-out/>
  <testcase classname="testNG2Assert.TaskOne" name="firstMethod1" time="0.002"/>
  <system-out/>
  <testcase classname="testNG2Assert.TaskOne" name="firstMethod" time="0.002"/>
  <system-out/>
  <testcase classname="testNG2Assert.TaskOne" name="fourthMethod" time="0.002"/>
  <system-out/>
</testsuite> <!-- testNG2Assert.TaskOne -->
