<?xml version="1.0" encoding="UTF-8"?>
<!-- Generated by org.testng.reporters.JUnitReportReporter -->
<testsuite hostname="MacBook-Pro.local" failures="0" tests="1" name="testNGSecond.HW" time="0.021" errors="0" timestamp="2020-05-22T21:07:18 EDT" skipped="0">
  <testcase classname="testNGSecond.HW" name="validLogin" time="0.021"/>
  <system-out/>
</testsuite> <!-- testNGSecond.HW -->
