<?xml version="1.0" encoding="UTF-8"?>
<!-- Generated by org.testng.reporters.JUnitReportReporter -->
<testsuite hostname="MacBook-Pro.local" failures="0" tests="1" name="testNGIntro.DifferentAnnotation" time="0.006" errors="0" timestamp="2020-05-23T19:51:01 EDT" skipped="0">
  <testcase classname="testNGIntro.DifferentAnnotation" name="test" time="0.006"/>
  <system-out/>
</testsuite> <!-- testNGIntro.DifferentAnnotation -->
