<?xml version="1.0" encoding="UTF-8"?>
<!-- Generated by org.testng.reporters.JUnitReportReporter -->
<testsuite hostname="MacBook-Pro.local" failures="0" tests="3" name="com.test01.TestDemo" time="0.027" errors="0" timestamp="2020-05-22T20:50:51 EDT" skipped="0">
  <testcase classname="com.test01.TestDemo" name="testTWO" time="0.004"/>
  <system-out/>
  <testcase classname="com.test01.TestDemo" name="testOne" time="0.021"/>
  <system-out/>
  <testcase classname="com.test01.TestDemo" name="testThree" time="0.002"/>
  <system-out/>
</testsuite> <!-- com.test01.TestDemo -->
