<?xml version="1.0" encoding="UTF-8"?>
<!-- Generated by org.testng.reporters.JUnitReportReporter -->
<testsuite hostname="MacBook-Pro.local" failures="0" tests="1" name="TestNGSecond.HW" time="0.017" errors="0" timestamp="2020-05-22T21:00:05 EDT" skipped="0">
  <testcase classname="TestNGSecond.HW" name="validLogin" time="0.017"/>
  <system-out/>
</testsuite> <!-- TestNGSecond.HW -->
