<?xml version="1.0" encoding="UTF-8"?>
<!-- Generated by org.testng.reporters.JUnitReportReporter -->
<testsuite hostname="MacBook-Pro.local" failures="0" tests="1" name="com.test01.DifferentAnnotation" time="0.008" errors="0" timestamp="2020-05-22T21:08:38 EDT" skipped="0">
  <testcase classname="com.test01.DifferentAnnotation" name="test" time="0.008"/>
  <system-out/>
</testsuite> <!-- com.test01.DifferentAnnotation -->
