<?xml version="1.0" encoding="UTF-8"?>
<!-- Generated by org.testng.reporters.JUnitReportReporter -->
<testsuite skipped="0" hostname="MacBook-Pro.local" name="testNG1Intro.TestDemo" tests="1" failures="0" timestamp="2020-06-05T19:07:35 EDT" time="0.011" errors="0">
  <testcase name="testOne" time="0.011" classname="testNG1Intro.TestDemo"/>
  <system-out/>
</testsuite> <!-- testNG1Intro.TestDemo -->
