<?xml version="1.0" encoding="UTF-8"?>
<!-- Generated by org.testng.reporters.JUnitReportReporter -->
<testsuite hostname="MacBook-Pro.local" failures="0" tests="5" name="testNGSecond.TaskOne" time="0.017" errors="0" timestamp="2020-05-24T16:27:42 EDT" skipped="0">
  <testcase classname="testNGSecond.TaskOne" name="thirdMethod" time="0.002"/>
  <system-out/>
  <testcase classname="testNGSecond.TaskOne" name="fourthMethod" time="0.001"/>
  <system-out/>
  <testcase classname="testNGSecond.TaskOne" name="firstMethod" time="0.010"/>
  <system-out/>
  <testcase classname="testNGSecond.TaskOne" name="firstMethod1" time="0.002"/>
  <system-out/>
  <testcase classname="testNGSecond.TaskOne" name="secondMethod" time="0.002"/>
  <system-out/>
</testsuite> <!-- testNGSecond.TaskOne -->
